[2025-10-06T02:29:22.755+0000] {local_task_job_runner.py:123} INFO - ::group::Pre task execution logs
[2025-10-06T02:29:22.759+0000] {taskinstance.py:2612} INFO - Dependencies all met for dep_context=non-requeueable deps ti=<TaskInstance: StockPrice_ETL_v3.load_to_snowflake manual__2025-10-06T02:29:20.436923+00:00 [queued]>
[2025-10-06T02:29:22.761+0000] {taskinstance.py:2612} INFO - Dependencies all met for dep_context=requeueable deps ti=<TaskInstance: StockPrice_ETL_v3.load_to_snowflake manual__2025-10-06T02:29:20.436923+00:00 [queued]>
[2025-10-06T02:29:22.761+0000] {taskinstance.py:2865} INFO - Starting attempt 1 of 1
[2025-10-06T02:29:22.764+0000] {taskinstance.py:2888} INFO - Executing <Task(_PythonDecoratedOperator): load_to_snowflake> on 2025-10-06 02:29:20.436923+00:00
[2025-10-06T02:29:22.767+0000] {logging_mixin.py:190} WARNING - /home/***/.local/lib/python3.12/site-packages/***/task/task_runner/standard_task_runner.py:70 DeprecationWarning: This process (pid=28364) is multi-threaded, use of fork() may lead to deadlocks in the child.
[2025-10-06T02:29:22.768+0000] {standard_task_runner.py:72} INFO - Started process 28367 to run task
[2025-10-06T02:29:22.768+0000] {standard_task_runner.py:104} INFO - Running: ['***', 'tasks', 'run', 'StockPrice_ETL_v3', 'load_to_snowflake', 'manual__2025-10-06T02:29:20.436923+00:00', '--job-id', '27', '--raw', '--subdir', 'DAGS_FOLDER/create_task.py', '--cfg-path', '/tmp/tmp00jcug6o']
[2025-10-06T02:29:22.769+0000] {standard_task_runner.py:105} INFO - Job 27: Subtask load_to_snowflake
[2025-10-06T02:29:22.782+0000] {task_command.py:467} INFO - Running <TaskInstance: StockPrice_ETL_v3.load_to_snowflake manual__2025-10-06T02:29:20.436923+00:00 [running]> on host 3e2b30b430ab
[2025-10-06T02:29:22.809+0000] {taskinstance.py:3131} INFO - Exporting env vars: AIRFLOW_CTX_DAG_OWNER='***' AIRFLOW_CTX_DAG_ID='StockPrice_ETL_v3' AIRFLOW_CTX_TASK_ID='load_to_snowflake' AIRFLOW_CTX_EXECUTION_DATE='2025-10-06T02:29:20.436923+00:00' AIRFLOW_CTX_TRY_NUMBER='1' AIRFLOW_CTX_DAG_RUN_ID='manual__2025-10-06T02:29:20.436923+00:00'
[2025-10-06T02:29:22.809+0000] {taskinstance.py:731} INFO - ::endgroup::
[2025-10-06T02:29:22.813+0000] {base.py:84} INFO - Retrieving connection 'snowflake_conn'
[2025-10-06T02:29:22.813+0000] {connection.py:413} INFO - Snowflake Connector for Python Version: 3.12.1, Python Version: 3.12.5, Platform: Linux-6.10.14-linuxkit-aarch64-with-glibc2.36
[2025-10-06T02:29:22.813+0000] {connection.py:1196} INFO - Connecting to GLOBAL Snowflake domain
[2025-10-06T02:29:22.814+0000] {connection.py:1277} INFO - This connection is in OCSP Fail Open Mode. TLS Certificates would be checked for validity and revocation status. Any other Certificate Revocation related exceptions or OCSP Responder failures would be disregarded in favor of connectivity.
[2025-10-06T02:29:23.629+0000] {cursor.py:1156} INFO - Number of results in first chunk: 1
[2025-10-06T02:29:23.791+0000] {cursor.py:1156} INFO - Number of results in first chunk: 1
[2025-10-06T02:30:46.013+0000] {cursor.py:1156} INFO - Number of results in first chunk: 1
[2025-10-06T02:30:46.015+0000] {logging_mixin.py:190} INFO -  Successfully inserted 100 records into Raw.stock_table
[2025-10-06T02:30:46.015+0000] {python.py:240} INFO - Done. Returned value was: None
[2025-10-06T02:30:46.025+0000] {taskinstance.py:340} INFO - ::group::Post task execution logs
[2025-10-06T02:30:46.026+0000] {taskinstance.py:352} INFO - Marking task as SUCCESS. dag_id=StockPrice_ETL_v3, task_id=load_to_snowflake, run_id=manual__2025-10-06T02:29:20.436923+00:00, execution_date=20251006T022920, start_date=20251006T022922, end_date=20251006T023046
[2025-10-06T02:30:46.076+0000] {local_task_job_runner.py:266} INFO - Task exited with return code 0
[2025-10-06T02:30:46.088+0000] {taskinstance.py:3900} INFO - 0 downstream tasks scheduled from follow-on schedule check
[2025-10-06T02:30:46.089+0000] {local_task_job_runner.py:245} INFO - ::endgroup::
